<?xml version="1.0" encoding="UTF-8"?>
<testsuite xmlns:xsi="http://www.w3.org/2001/XMLSchema-instance" xsi:noNamespaceSchemaLocation="https://maven.apache.org/surefire/maven-surefire-plugin/xsd/surefire-test-report.xsd" version="3.0.2" name="com.example.DDIAProject.DdiaProjectApplicationTests" time="64.783" tests="1" errors="0" skipped="0" failures="0">
  <properties>
[...]
</properties>
  <testcase name="contextLoads" classname="com.example.DDIAProject.DdiaProjectApplicationTests" time="0.683">
    <system-out><![CDATA[08:54:53.548 [main] INFO org.springframework.test.context.support.AnnotationConfigContextLoaderUtils -- Could not detect default configuration classes for test class [com.example.DDIAProject.DdiaProjectApplicationTests]: DdiaProjectApplicationTests does not declare any static, non-private, non-final, nested classes annotated with @Configuration.
08:54:53.726 [main] INFO org.springframework.boot.test.context.SpringBootTestContextBootstrapper -- Found @SpringBootConfiguration com.example.DDIAProject.DdiaProjectApplication for test class com.example.DDIAProject.DdiaProjectApplicationTests
08:54:54.029 [main] INFO org.springframework.boot.devtools.restart.RestartApplicationListener -- Restart disabled due to context in which it is running

  .   ____          _            __ _ _
 /\\ / ___'_ __ _ _(_)_ __  __ _ \ \ \ \
( ( )\___ | '_ | '_| | '_ \/ _` | \ \ \ \
 \\/  ___)| |_)| | | | | || (_| |  ) ) ) )
  '  |____| .__|_| |_|_| |_\__, | / / / /
 =========|_|==============|___/=/_/_/_/

 :: Spring Boot ::                (v3.4.6)

2025-05-26T08:54:54.392+03:00  INFO 87132 --- [DDIAProject] [           main] c.e.D.DdiaProjectApplicationTests        : Starting DdiaProjectApplicationTests using Java 21.0.7 with PID 87132 (started by meudm in /mnt/01D8D4FB872972F0/Life/collage/collage_labs/year_3/term2/DDIA/project/Weather-Stations-Monitor/weather_station/DDIAProject)
2025-05-26T08:54:54.393+03:00  INFO 87132 --- [DDIAProject] [           main] c.e.D.DdiaProjectApplicationTests        : No active profile set, falling back to 1 default profile: "default"
2025-05-26T08:54:55.845+03:00  INFO 87132 --- [DDIAProject] [           main] o.a.k.clients.producer.ProducerConfig    : ProducerConfig values: 
	acks = -1
	auto.include.jmx.reporter = true
	batch.size = 16384
	bootstrap.servers = [localhost:9092]
	buffer.memory = 33554432
	client.dns.lookup = use_all_dns_ips
	client.id = producer-1
	compression.gzip.level = -1
	compression.lz4.level = 9
	compression.type = none
	compression.zstd.level = 3
	connections.max.idle.ms = 540000
	delivery.timeout.ms = 120000
	enable.idempotence = true
	enable.metrics.push = true
	interceptor.classes = []
	key.serializer = class org.apache.kafka.common.serialization.StringSerializer
	linger.ms = 0
	max.block.ms = 60000
	max.in.flight.requests.per.connection = 5
	max.request.size = 1048576
	metadata.max.age.ms = 300000
	metadata.max.idle.ms = 300000
	metadata.recovery.strategy = none
	metric.reporters = []
	metrics.num.samples = 2
	metrics.recording.level = INFO
	metrics.sample.window.ms = 30000
	partitioner.adaptive.partitioning.enable = true
	partitioner.availability.timeout.ms = 0
	partitioner.class = null
	partitioner.ignore.keys = false
	receive.buffer.bytes = 32768
	reconnect.backoff.max.ms = 1000
	reconnect.backoff.ms = 50
	request.timeout.ms = 30000
	retries = 2147483647
	retry.backoff.max.ms = 1000
	retry.backoff.ms = 100
	sasl.client.callback.handler.class = null
	sasl.jaas.config = null
	sasl.kerberos.kinit.cmd = /usr/bin/kinit
	sasl.kerberos.min.time.before.relogin = 60000
	sasl.kerberos.service.name = null
	sasl.kerberos.ticket.renew.jitter = 0.05
	sasl.kerberos.ticket.renew.window.factor = 0.8
	sasl.login.callback.handler.class = null
	sasl.login.class = null
	sasl.login.connect.timeout.ms = null
	sasl.login.read.timeout.ms = null
	sasl.login.refresh.buffer.seconds = 300
	sasl.login.refresh.min.period.seconds = 60
	sasl.login.refresh.window.factor = 0.8
	sasl.login.refresh.window.jitter = 0.05
	sasl.login.retry.backoff.max.ms = 10000
	sasl.login.retry.backoff.ms = 100
	sasl.mechanism = GSSAPI
	sasl.oauthbearer.clock.skew.seconds = 30
	sasl.oauthbearer.expected.audience = null
	sasl.oauthbearer.expected.issuer = null
	sasl.oauthbearer.jwks.endpoint.refresh.ms = 3600000
	sasl.oauthbearer.jwks.endpoint.retry.backoff.max.ms = 10000
	sasl.oauthbearer.jwks.endpoint.retry.backoff.ms = 100
	sasl.oauthbearer.jwks.endpoint.url = null
	sasl.oauthbearer.scope.claim.name = scope
	sasl.oauthbearer.sub.claim.name = sub
	sasl.oauthbearer.token.endpoint.url = null
	security.protocol = PLAINTEXT
	security.providers = null
	send.buffer.bytes = 131072
	socket.connection.setup.timeout.max.ms = 30000
	socket.connection.setup.timeout.ms = 10000
	ssl.cipher.suites = null
	ssl.enabled.protocols = [TLSv1.2, TLSv1.3]
	ssl.endpoint.identification.algorithm = https
	ssl.engine.factory.class = null
	ssl.key.password = null
	ssl.keymanager.algorithm = SunX509
	ssl.keystore.certificate.chain = null
	ssl.keystore.key = null
	ssl.keystore.location = null
	ssl.keystore.password = null
	ssl.keystore.type = JKS
	ssl.protocol = TLSv1.3
	ssl.provider = null
	ssl.secure.random.implementation = null
	ssl.trustmanager.algorithm = PKIX
	ssl.truststore.certificates = null
	ssl.truststore.location = null
	ssl.truststore.password = null
	ssl.truststore.type = JKS
	transaction.timeout.ms = 60000
	transactional.id = null
	value.serializer = class org.apache.kafka.common.serialization.StringSerializer

2025-05-26T08:54:55.885+03:00  INFO 87132 --- [DDIAProject] [           main] o.a.k.c.t.i.KafkaMetricsCollector        : initializing Kafka metrics collector
2025-05-26T08:54:56.079+03:00  INFO 87132 --- [DDIAProject] [           main] o.a.k.clients.producer.KafkaProducer     : [Producer clientId=producer-1] Instantiated an idempotent producer.
2025-05-26T08:54:56.158+03:00  INFO 87132 --- [DDIAProject] [           main] o.a.kafka.common.utils.AppInfoParser     : Kafka version: 3.8.1
2025-05-26T08:54:56.161+03:00  INFO 87132 --- [DDIAProject] [           main] o.a.kafka.common.utils.AppInfoParser     : Kafka commitId: 70d6ff42debf7e17
2025-05-26T08:54:56.161+03:00  INFO 87132 --- [DDIAProject] [           main] o.a.kafka.common.utils.AppInfoParser     : Kafka startTimeMs: 1748238896155
2025-05-26T08:54:56.461+03:00  INFO 87132 --- [DDIAProject] [ad | producer-1] org.apache.kafka.clients.NetworkClient   : [Producer clientId=producer-1] Node -1 disconnected.
2025-05-26T08:54:56.464+03:00  WARN 87132 --- [DDIAProject] [ad | producer-1] org.apache.kafka.clients.NetworkClient   : [Producer clientId=producer-1] Connection to node -1 (localhost/127.0.0.1:9092) could not be established. Node may not be available.
2025-05-26T08:54:56.465+03:00  WARN 87132 --- [DDIAProject] [ad | producer-1] org.apache.kafka.clients.NetworkClient   : [Producer clientId=producer-1] Bootstrap broker localhost:9092 (id: -1 rack: null) disconnected
2025-05-26T08:54:56.569+03:00  INFO 87132 --- [DDIAProject] [ad | producer-1] org.apache.kafka.clients.NetworkClient   : [Producer clientId=producer-1] Node -1 disconnected.
2025-05-26T08:54:56.569+03:00  WARN 87132 --- [DDIAProject] [ad | producer-1] org.apache.kafka.clients.NetworkClient   : [Producer clientId=producer-1] Connection to node -1 (localhost/127.0.0.1:9092) could not be established. Node may not be available.
2025-05-26T08:54:56.569+03:00  WARN 87132 --- [DDIAProject] [ad | producer-1] org.apache.kafka.clients.NetworkClient   : [Producer clientId=producer-1] Bootstrap broker localhost:9092 (id: -1 rack: null) disconnected
2025-05-26T08:54:56.670+03:00  INFO 87132 --- [DDIAProject] [ad | producer-1] org.apache.kafka.clients.NetworkClient   : [Producer clientId=producer-1] Node -1 disconnected.
2025-05-26T08:54:56.671+03:00  WARN 87132 --- [DDIAProject] [ad | producer-1] org.apache.kafka.clients.NetworkClient   : [Producer clientId=producer-1] Connection to node -1 (localhost/127.0.0.1:9092) could not be established. Node may not be available.
2025-05-26T08:54:56.671+03:00  WARN 87132 --- [DDIAProject] [ad | producer-1] org.apache.kafka.clients.NetworkClient   : [Producer clientId=producer-1] Bootstrap broker localhost:9092 (id: -1 rack: null) disconnected
2025-05-26T08:54:56.923+03:00  INFO 87132 --- [DDIAProject] [ad | producer-1] org.apache.kafka.clients.NetworkClient   : [Producer clientId=producer-1] Node -1 disconnected.
2025-05-26T08:54:56.932+03:00  WARN 87132 --- [DDIAProject] [ad | producer-1] org.apache.kafka.clients.NetworkClient   : [Producer clientId=producer-1] Connection to node -1 (localhost/127.0.0.1:9092) could not be established. Node may not be available.
2025-05-26T08:54:56.933+03:00  WARN 87132 --- [DDIAProject] [ad | producer-1] org.apache.kafka.clients.NetworkClient   : [Producer clientId=producer-1] Bootstrap broker localhost:9092 (id: -1 rack: null) disconnected
2025-05-26T08:54:57.223+03:00  INFO 87132 --- [DDIAProject] [           main] o.s.b.a.e.web.EndpointLinksResolver      : Exposing 1 endpoint beneath base path '/actuator'
2025-05-26T08:54:57.349+03:00  INFO 87132 --- [DDIAProject] [ad | producer-1] org.apache.kafka.clients.NetworkClient   : [Producer clientId=producer-1] Node -1 disconnected.
2025-05-26T08:54:57.349+03:00  WARN 87132 --- [DDIAProject] [ad | producer-1] org.apache.kafka.clients.NetworkClient   : [Producer clientId=producer-1] Connection to node -1 (localhost/127.0.0.1:9092) could not be established. Node may not be available.
2025-05-26T08:54:57.349+03:00  WARN 87132 --- [DDIAProject] [ad | producer-1] org.apache.kafka.clients.NetworkClient   : [Producer clientId=producer-1] Bootstrap broker localhost:9092 (id: -1 rack: null) disconnected
2025-05-26T08:54:57.378+03:00  INFO 87132 --- [DDIAProject] [           main] c.e.D.DdiaProjectApplicationTests        : Started DdiaProjectApplicationTests in 3.367 seconds (process running for 4.874)
Program Started
2025-05-26T08:54:57.400+03:00  INFO 87132 --- [DDIAProject] [           main] o.a.k.clients.consumer.ConsumerConfig    : ConsumerConfig values: 
	allow.auto.create.topics = true
	auto.commit.interval.ms = 5000
	auto.include.jmx.reporter = true
	auto.offset.reset = earliest
	bootstrap.servers = [10.104.239.35:9092]
	check.crcs = true
	client.dns.lookup = use_all_dns_ips
	client.id = consumer-bb007fbf-c45b-4b2f-b892-912db85a707d-1
	client.rack = 
	connections.max.idle.ms = 540000
	default.api.timeout.ms = 60000
	enable.auto.commit = true
	enable.metrics.push = true
	exclude.internal.topics = true
	fetch.max.bytes = 52428800
	fetch.max.wait.ms = 500
	fetch.min.bytes = 1
	group.id = bb007fbf-c45b-4b2f-b892-912db85a707d
	group.instance.id = null
	group.protocol = classic
	group.remote.assignor = null
	heartbeat.interval.ms = 3000
	interceptor.classes = []
	internal.leave.group.on.close = true
	internal.throw.on.fetch.stable.offset.unsupported = false
	isolation.level = read_uncommitted
	key.deserializer = class org.apache.kafka.common.serialization.StringDeserializer
	max.partition.fetch.bytes = 1048576
	max.poll.interval.ms = 300000
	max.poll.records = 500
	metadata.max.age.ms = 300000
	metadata.recovery.strategy = none
	metric.reporters = []
	metrics.num.samples = 2
	metrics.recording.level = INFO
	metrics.sample.window.ms = 30000
	partition.assignment.strategy = [class org.apache.kafka.clients.consumer.RangeAssignor, class org.apache.kafka.clients.consumer.CooperativeStickyAssignor]
	receive.buffer.bytes = 65536
	reconnect.backoff.max.ms = 1000
	reconnect.backoff.ms = 50
	request.timeout.ms = 30000
	retry.backoff.max.ms = 1000
	retry.backoff.ms = 100
	sasl.client.callback.handler.class = null
	sasl.jaas.config = null
	sasl.kerberos.kinit.cmd = /usr/bin/kinit
	sasl.kerberos.min.time.before.relogin = 60000
	sasl.kerberos.service.name = null
	sasl.kerberos.ticket.renew.jitter = 0.05
	sasl.kerberos.ticket.renew.window.factor = 0.8
	sasl.login.callback.handler.class = null
	sasl.login.class = null
	sasl.login.connect.timeout.ms = null
	sasl.login.read.timeout.ms = null
	sasl.login.refresh.buffer.seconds = 300
	sasl.login.refresh.min.period.seconds = 60
	sasl.login.refresh.window.factor = 0.8
	sasl.login.refresh.window.jitter = 0.05
	sasl.login.retry.backoff.max.ms = 10000
	sasl.login.retry.backoff.ms = 100
	sasl.mechanism = GSSAPI
	sasl.oauthbearer.clock.skew.seconds = 30
	sasl.oauthbearer.expected.audience = null
	sasl.oauthbearer.expected.issuer = null
	sasl.oauthbearer.jwks.endpoint.refresh.ms = 3600000
	sasl.oauthbearer.jwks.endpoint.retry.backoff.max.ms = 10000
	sasl.oauthbearer.jwks.endpoint.retry.backoff.ms = 100
	sasl.oauthbearer.jwks.endpoint.url = null
	sasl.oauthbearer.scope.claim.name = scope
	sasl.oauthbearer.sub.claim.name = sub
	sasl.oauthbearer.token.endpoint.url = null
	security.protocol = PLAINTEXT
	security.providers = null
	send.buffer.bytes = 131072
	session.timeout.ms = 45000
	socket.connection.setup.timeout.max.ms = 30000
	socket.connection.setup.timeout.ms = 10000
	ssl.cipher.suites = null
	ssl.enabled.protocols = [TLSv1.2, TLSv1.3]
	ssl.endpoint.identification.algorithm = https
	ssl.engine.factory.class = null
	ssl.key.password = null
	ssl.keymanager.algorithm = SunX509
	ssl.keystore.certificate.chain = null
	ssl.keystore.key = null
	ssl.keystore.location = null
	ssl.keystore.password = null
	ssl.keystore.type = JKS
	ssl.protocol = TLSv1.3
	ssl.provider = null
	ssl.secure.random.implementation = null
	ssl.trustmanager.algorithm = PKIX
	ssl.truststore.certificates = null
	ssl.truststore.location = null
	ssl.truststore.password = null
	ssl.truststore.type = JKS
	value.deserializer = class org.apache.kafka.common.serialization.StringDeserializer

2025-05-26T08:54:57.415+03:00  INFO 87132 --- [DDIAProject] [           main] o.a.k.c.t.i.KafkaMetricsCollector        : initializing Kafka metrics collector
2025-05-26T08:54:57.474+03:00  INFO 87132 --- [DDIAProject] [           main] o.a.kafka.common.utils.AppInfoParser     : Kafka version: 3.8.1
2025-05-26T08:54:57.474+03:00  INFO 87132 --- [DDIAProject] [           main] o.a.kafka.common.utils.AppInfoParser     : Kafka commitId: 70d6ff42debf7e17
2025-05-26T08:54:57.474+03:00  INFO 87132 --- [DDIAProject] [           main] o.a.kafka.common.utils.AppInfoParser     : Kafka startTimeMs: 1748238897474
2025-05-26T08:54:57.477+03:00  INFO 87132 --- [DDIAProject] [           main] o.a.k.c.c.internals.LegacyKafkaConsumer  : [Consumer clientId=consumer-bb007fbf-c45b-4b2f-b892-912db85a707d-1, groupId=bb007fbf-c45b-4b2f-b892-912db85a707d] Subscribed to topic(s): weather-raw, weather-dropped, weather-rain, weather-archive, weather-invalid
2025-05-26T08:54:58.308+03:00  INFO 87132 --- [DDIAProject] [ad | producer-1] org.apache.kafka.clients.NetworkClient   : [Producer clientId=producer-1] Node -1 disconnected.
2025-05-26T08:54:58.308+03:00  WARN 87132 --- [DDIAProject] [ad | producer-1] org.apache.kafka.clients.NetworkClient   : [Producer clientId=producer-1] Connection to node -1 (localhost/127.0.0.1:9092) could not be established. Node may not be available.
2025-05-26T08:54:58.308+03:00  WARN 87132 --- [DDIAProject] [ad | producer-1] org.apache.kafka.clients.NetworkClient   : [Producer clientId=producer-1] Bootstrap broker localhost:9092 (id: -1 rack: null) disconnected
2025-05-26T08:54:59.309+03:00  INFO 87132 --- [DDIAProject] [ad | producer-1] org.apache.kafka.clients.NetworkClient   : [Producer clientId=producer-1] Node -1 disconnected.
2025-05-26T08:54:59.309+03:00  WARN 87132 --- [DDIAProject] [ad | producer-1] org.apache.kafka.clients.NetworkClient   : [Producer clientId=producer-1] Connection to node -1 (localhost/127.0.0.1:9092) could not be established. Node may not be available.
2025-05-26T08:54:59.309+03:00  WARN 87132 --- [DDIAProject] [ad | producer-1] org.apache.kafka.clients.NetworkClient   : [Producer clientId=producer-1] Bootstrap broker localhost:9092 (id: -1 rack: null) disconnected
2025-05-26T08:55:00.318+03:00  INFO 87132 --- [DDIAProject] [ad | producer-1] org.apache.kafka.clients.NetworkClient   : [Producer clientId=producer-1] Node -1 disconnected.
2025-05-26T08:55:00.319+03:00  WARN 87132 --- [DDIAProject] [ad | producer-1] org.apache.kafka.clients.NetworkClient   : [Producer clientId=producer-1] Connection to node -1 (localhost/127.0.0.1:9092) could not be established. Node may not be available.
2025-05-26T08:55:00.319+03:00  WARN 87132 --- [DDIAProject] [ad | producer-1] org.apache.kafka.clients.NetworkClient   : [Producer clientId=producer-1] Bootstrap broker localhost:9092 (id: -1 rack: null) disconnected
2025-05-26T08:55:01.354+03:00  INFO 87132 --- [DDIAProject] [ad | producer-1] org.apache.kafka.clients.NetworkClient   : [Producer clientId=producer-1] Node -1 disconnected.
2025-05-26T08:55:01.354+03:00  WARN 87132 --- [DDIAProject] [ad | producer-1] org.apache.kafka.clients.NetworkClient   : [Producer clientId=producer-1] Connection to node -1 (localhost/127.0.0.1:9092) could not be established. Node may not be available.
2025-05-26T08:55:01.354+03:00  WARN 87132 --- [DDIAProject] [ad | producer-1] org.apache.kafka.clients.NetworkClient   : [Producer clientId=producer-1] Bootstrap broker localhost:9092 (id: -1 rack: null) disconnected
2025-05-26T08:55:02.287+03:00  INFO 87132 --- [DDIAProject] [ad | producer-1] org.apache.kafka.clients.NetworkClient   : [Producer clientId=producer-1] Node -1 disconnected.
2025-05-26T08:55:02.287+03:00  WARN 87132 --- [DDIAProject] [ad | producer-1] org.apache.kafka.clients.NetworkClient   : [Producer clientId=producer-1] Connection to node -1 (localhost/127.0.0.1:9092) could not be established. Node may not be available.
2025-05-26T08:55:02.288+03:00  WARN 87132 --- [DDIAProject] [ad | producer-1] org.apache.kafka.clients.NetworkClient   : [Producer clientId=producer-1] Bootstrap broker localhost:9092 (id: -1 rack: null) disconnected
2025-05-26T08:55:03.145+03:00  INFO 87132 --- [DDIAProject] [ad | producer-1] org.apache.kafka.clients.NetworkClient   : [Producer clientId=producer-1] Node -1 disconnected.
2025-05-26T08:55:03.145+03:00  WARN 87132 --- [DDIAProject] [ad | producer-1] org.apache.kafka.clients.NetworkClient   : [Producer clientId=producer-1] Connection to node -1 (localhost/127.0.0.1:9092) could not be established. Node may not be available.
2025-05-26T08:55:03.145+03:00  WARN 87132 --- [DDIAProject] [ad | producer-1] org.apache.kafka.clients.NetworkClient   : [Producer clientId=producer-1] Bootstrap broker localhost:9092 (id: -1 rack: null) disconnected
2025-05-26T08:55:04.145+03:00  INFO 87132 --- [DDIAProject] [ad | producer-1] org.apache.kafka.clients.NetworkClient   : [Producer clientId=producer-1] Node -1 disconnected.
2025-05-26T08:55:04.145+03:00  WARN 87132 --- [DDIAProject] [ad | producer-1] org.apache.kafka.clients.NetworkClient   : [Producer clientId=producer-1] Connection to node -1 (localhost/127.0.0.1:9092) could not be established. Node may not be available.
2025-05-26T08:55:04.145+03:00  WARN 87132 --- [DDIAProject] [ad | producer-1] org.apache.kafka.clients.NetworkClient   : [Producer clientId=producer-1] Bootstrap broker localhost:9092 (id: -1 rack: null) disconnected
2025-05-26T08:55:05.051+03:00  INFO 87132 --- [DDIAProject] [ad | producer-1] org.apache.kafka.clients.NetworkClient   : [Producer clientId=producer-1] Node -1 disconnected.
2025-05-26T08:55:05.052+03:00  WARN 87132 --- [DDIAProject] [ad | producer-1] org.apache.kafka.clients.NetworkClient   : [Producer clientId=producer-1] Connection to node -1 (localhost/127.0.0.1:9092) could not be established. Node may not be available.
2025-05-26T08:55:05.052+03:00  WARN 87132 --- [DDIAProject] [ad | producer-1] org.apache.kafka.clients.NetworkClient   : [Producer clientId=producer-1] Bootstrap broker localhost:9092 (id: -1 rack: null) disconnected
2025-05-26T08:55:05.941+03:00  INFO 87132 --- [DDIAProject] [           main] org.apache.kafka.clients.NetworkClient   : [Consumer clientId=consumer-bb007fbf-c45b-4b2f-b892-912db85a707d-1, groupId=bb007fbf-c45b-4b2f-b892-912db85a707d] Disconnecting from node -1 due to socket connection setup timeout. The timeout value is 8415 ms.
2025-05-26T08:55:05.942+03:00  WARN 87132 --- [DDIAProject] [           main] org.apache.kafka.clients.NetworkClient   : [Consumer clientId=consumer-bb007fbf-c45b-4b2f-b892-912db85a707d-1, groupId=bb007fbf-c45b-4b2f-b892-912db85a707d] Bootstrap broker 10.104.239.35:9092 (id: -1 rack: null) disconnected
2025-05-26T08:55:05.958+03:00  INFO 87132 --- [DDIAProject] [ad | producer-1] org.apache.kafka.clients.NetworkClient   : [Producer clientId=producer-1] Node -1 disconnected.
2025-05-26T08:55:05.959+03:00  WARN 87132 --- [DDIAProject] [ad | producer-1] org.apache.kafka.clients.NetworkClient   : [Producer clientId=producer-1] Connection to node -1 (localhost/127.0.0.1:9092) could not be established. Node may not be available.
2025-05-26T08:55:05.959+03:00  WARN 87132 --- [DDIAProject] [ad | producer-1] org.apache.kafka.clients.NetworkClient   : [Producer clientId=producer-1] Bootstrap broker localhost:9092 (id: -1 rack: null) disconnected
2025-05-26T08:55:06.959+03:00  INFO 87132 --- [DDIAProject] [ad | producer-1] org.apache.kafka.clients.NetworkClient   : [Producer clientId=producer-1] Node -1 disconnected.
2025-05-26T08:55:06.959+03:00  WARN 87132 --- [DDIAProject] [ad | producer-1] org.apache.kafka.clients.NetworkClient   : [Producer clientId=producer-1] Connection to node -1 (localhost/127.0.0.1:9092) could not be established. Node may not be available.
2025-05-26T08:55:06.959+03:00  WARN 87132 --- [DDIAProject] [ad | producer-1] org.apache.kafka.clients.NetworkClient   : [Producer clientId=producer-1] Bootstrap broker localhost:9092 (id: -1 rack: null) disconnected
2025-05-26T08:55:07.865+03:00  INFO 87132 --- [DDIAProject] [ad | producer-1] org.apache.kafka.clients.NetworkClient   : [Producer clientId=producer-1] Node -1 disconnected.
2025-05-26T08:55:07.866+03:00  WARN 87132 --- [DDIAProject] [ad | producer-1] org.apache.kafka.clients.NetworkClient   : [Producer clientId=producer-1] Connection to node -1 (localhost/127.0.0.1:9092) could not be established. Node may not be available.
2025-05-26T08:55:07.866+03:00  WARN 87132 --- [DDIAProject] [ad | producer-1] org.apache.kafka.clients.NetworkClient   : [Producer clientId=producer-1] Bootstrap broker localhost:9092 (id: -1 rack: null) disconnected
2025-05-26T08:55:08.721+03:00  INFO 87132 --- [DDIAProject] [ad | producer-1] org.apache.kafka.clients.NetworkClient   : [Producer clientId=producer-1] Node -1 disconnected.
2025-05-26T08:55:08.721+03:00  WARN 87132 --- [DDIAProject] [ad | producer-1] org.apache.kafka.clients.NetworkClient   : [Producer clientId=producer-1] Connection to node -1 (localhost/127.0.0.1:9092) could not be established. Node may not be available.
2025-05-26T08:55:08.721+03:00  WARN 87132 --- [DDIAProject] [ad | producer-1] org.apache.kafka.clients.NetworkClient   : [Producer clientId=producer-1] Bootstrap broker localhost:9092 (id: -1 rack: null) disconnected
2025-05-26T08:55:09.722+03:00  INFO 87132 --- [DDIAProject] [ad | producer-1] org.apache.kafka.clients.NetworkClient   : [Producer clientId=producer-1] Node -1 disconnected.
2025-05-26T08:55:09.722+03:00  WARN 87132 --- [DDIAProject] [ad | producer-1] org.apache.kafka.clients.NetworkClient   : [Producer clientId=producer-1] Connection to node -1 (localhost/127.0.0.1:9092) could not be established. Node may not be available.
2025-05-26T08:55:09.722+03:00  WARN 87132 --- [DDIAProject] [ad | producer-1] org.apache.kafka.clients.NetworkClient   : [Producer clientId=producer-1] Bootstrap broker localhost:9092 (id: -1 rack: null) disconnected
2025-05-26T08:55:10.723+03:00  INFO 87132 --- [DDIAProject] [ad | producer-1] org.apache.kafka.clients.NetworkClient   : [Producer clientId=producer-1] Node -1 disconnected.
2025-05-26T08:55:10.723+03:00  WARN 87132 --- [DDIAProject] [ad | producer-1] org.apache.kafka.clients.NetworkClient   : [Producer clientId=producer-1] Connection to node -1 (localhost/127.0.0.1:9092) could not be established. Node may not be available.
2025-05-26T08:55:10.724+03:00  WARN 87132 --- [DDIAProject] [ad | producer-1] org.apache.kafka.clients.NetworkClient   : [Producer clientId=producer-1] Bootstrap broker localhost:9092 (id: -1 rack: null) disconnected
2025-05-26T08:55:11.639+03:00  INFO 87132 --- [DDIAProject] [ad | producer-1] org.apache.kafka.clients.NetworkClient   : [Producer clientId=producer-1] Node -1 disconnected.
2025-05-26T08:55:11.640+03:00  WARN 87132 --- [DDIAProject] [ad | producer-1] org.apache.kafka.clients.NetworkClient   : [Producer clientId=producer-1] Connection to node -1 (localhost/127.0.0.1:9092) could not be established. Node may not be available.
2025-05-26T08:55:11.640+03:00  WARN 87132 --- [DDIAProject] [ad | producer-1] org.apache.kafka.clients.NetworkClient   : [Producer clientId=producer-1] Bootstrap broker localhost:9092 (id: -1 rack: null) disconnected
2025-05-26T08:55:12.640+03:00  INFO 87132 --- [DDIAProject] [ad | producer-1] org.apache.kafka.clients.NetworkClient   : [Producer clientId=producer-1] Node -1 disconnected.
2025-05-26T08:55:12.640+03:00  WARN 87132 --- [DDIAProject] [ad | producer-1] org.apache.kafka.clients.NetworkClient   : [Producer clientId=producer-1] Connection to node -1 (localhost/127.0.0.1:9092) could not be established. Node may not be available.
2025-05-26T08:55:12.641+03:00  WARN 87132 --- [DDIAProject] [ad | producer-1] org.apache.kafka.clients.NetworkClient   : [Producer clientId=producer-1] Bootstrap broker localhost:9092 (id: -1 rack: null) disconnected
2025-05-26T08:55:13.641+03:00  INFO 87132 --- [DDIAProject] [ad | producer-1] org.apache.kafka.clients.NetworkClient   : [Producer clientId=producer-1] Node -1 disconnected.
2025-05-26T08:55:13.642+03:00  WARN 87132 --- [DDIAProject] [ad | producer-1] org.apache.kafka.clients.NetworkClient   : [Producer clientId=producer-1] Connection to node -1 (localhost/127.0.0.1:9092) could not be established. Node may not be available.
2025-05-26T08:55:13.642+03:00  WARN 87132 --- [DDIAProject] [ad | producer-1] org.apache.kafka.clients.NetworkClient   : [Producer clientId=producer-1] Bootstrap broker localhost:9092 (id: -1 rack: null) disconnected
2025-05-26T08:55:14.548+03:00  INFO 87132 --- [DDIAProject] [ad | producer-1] org.apache.kafka.clients.NetworkClient   : [Producer clientId=producer-1] Node -1 disconnected.
2025-05-26T08:55:14.549+03:00  WARN 87132 --- [DDIAProject] [ad | producer-1] org.apache.kafka.clients.NetworkClient   : [Producer clientId=producer-1] Connection to node -1 (localhost/127.0.0.1:9092) could not be established. Node may not be available.
2025-05-26T08:55:14.549+03:00  WARN 87132 --- [DDIAProject] [ad | producer-1] org.apache.kafka.clients.NetworkClient   : [Producer clientId=producer-1] Bootstrap broker localhost:9092 (id: -1 rack: null) disconnected
2025-05-26T08:55:15.555+03:00  INFO 87132 --- [DDIAProject] [ad | producer-1] org.apache.kafka.clients.NetworkClient   : [Producer clientId=producer-1] Node -1 disconnected.
2025-05-26T08:55:15.555+03:00  WARN 87132 --- [DDIAProject] [ad | producer-1] org.apache.kafka.clients.NetworkClient   : [Producer clientId=producer-1] Connection to node -1 (localhost/127.0.0.1:9092) could not be established. Node may not be available.
2025-05-26T08:55:15.555+03:00  WARN 87132 --- [DDIAProject] [ad | producer-1] org.apache.kafka.clients.NetworkClient   : [Producer clientId=producer-1] Bootstrap broker localhost:9092 (id: -1 rack: null) disconnected
2025-05-26T08:55:16.557+03:00  INFO 87132 --- [DDIAProject] [ad | producer-1] org.apache.kafka.clients.NetworkClient   : [Producer clientId=producer-1] Node -1 disconnected.
2025-05-26T08:55:16.557+03:00  WARN 87132 --- [DDIAProject] [ad | producer-1] org.apache.kafka.clients.NetworkClient   : [Producer clientId=producer-1] Connection to node -1 (localhost/127.0.0.1:9092) could not be established. Node may not be available.
2025-05-26T08:55:16.557+03:00  WARN 87132 --- [DDIAProject] [ad | producer-1] org.apache.kafka.clients.NetworkClient   : [Producer clientId=producer-1] Bootstrap broker localhost:9092 (id: -1 rack: null) disconnected
2025-05-26T08:55:17.513+03:00  INFO 87132 --- [DDIAProject] [ad | producer-1] org.apache.kafka.clients.NetworkClient   : [Producer clientId=producer-1] Node -1 disconnected.
2025-05-26T08:55:17.514+03:00  WARN 87132 --- [DDIAProject] [ad | producer-1] org.apache.kafka.clients.NetworkClient   : [Producer clientId=producer-1] Connection to node -1 (localhost/127.0.0.1:9092) could not be established. Node may not be available.
2025-05-26T08:55:17.514+03:00  WARN 87132 --- [DDIAProject] [ad | producer-1] org.apache.kafka.clients.NetworkClient   : [Producer clientId=producer-1] Bootstrap broker localhost:9092 (id: -1 rack: null) disconnected
2025-05-26T08:55:18.417+03:00  INFO 87132 --- [DDIAProject] [ad | producer-1] org.apache.kafka.clients.NetworkClient   : [Producer clientId=producer-1] Node -1 disconnected.
2025-05-26T08:55:18.418+03:00  WARN 87132 --- [DDIAProject] [ad | producer-1] org.apache.kafka.clients.NetworkClient   : [Producer clientId=producer-1] Connection to node -1 (localhost/127.0.0.1:9092) could not be established. Node may not be available.
2025-05-26T08:55:18.418+03:00  WARN 87132 --- [DDIAProject] [ad | producer-1] org.apache.kafka.clients.NetworkClient   : [Producer clientId=producer-1] Bootstrap broker localhost:9092 (id: -1 rack: null) disconnected
2025-05-26T08:55:19.273+03:00  INFO 87132 --- [DDIAProject] [ad | producer-1] org.apache.kafka.clients.NetworkClient   : [Producer clientId=producer-1] Node -1 disconnected.
2025-05-26T08:55:19.273+03:00  WARN 87132 --- [DDIAProject] [ad | producer-1] org.apache.kafka.clients.NetworkClient   : [Producer clientId=producer-1] Connection to node -1 (localhost/127.0.0.1:9092) could not be established. Node may not be available.
2025-05-26T08:55:19.273+03:00  WARN 87132 --- [DDIAProject] [ad | producer-1] org.apache.kafka.clients.NetworkClient   : [Producer clientId=producer-1] Bootstrap broker localhost:9092 (id: -1 rack: null) disconnected
2025-05-26T08:55:20.178+03:00  INFO 87132 --- [DDIAProject] [ad | producer-1] org.apache.kafka.clients.NetworkClient   : [Producer clientId=producer-1] Node -1 disconnected.
2025-05-26T08:55:20.179+03:00  WARN 87132 --- [DDIAProject] [ad | producer-1] org.apache.kafka.clients.NetworkClient   : [Producer clientId=producer-1] Connection to node -1 (localhost/127.0.0.1:9092) could not be established. Node may not be available.
2025-05-26T08:55:20.179+03:00  WARN 87132 --- [DDIAProject] [ad | producer-1] org.apache.kafka.clients.NetworkClient   : [Producer clientId=producer-1] Bootstrap broker localhost:9092 (id: -1 rack: null) disconnected
2025-05-26T08:55:21.083+03:00  INFO 87132 --- [DDIAProject] [ad | producer-1] org.apache.kafka.clients.NetworkClient   : [Producer clientId=producer-1] Node -1 disconnected.
2025-05-26T08:55:21.083+03:00  WARN 87132 --- [DDIAProject] [ad | producer-1] org.apache.kafka.clients.NetworkClient   : [Producer clientId=producer-1] Connection to node -1 (localhost/127.0.0.1:9092) could not be established. Node may not be available.
2025-05-26T08:55:21.084+03:00  WARN 87132 --- [DDIAProject] [ad | producer-1] org.apache.kafka.clients.NetworkClient   : [Producer clientId=producer-1] Bootstrap broker localhost:9092 (id: -1 rack: null) disconnected
2025-05-26T08:55:21.989+03:00  INFO 87132 --- [DDIAProject] [ad | producer-1] org.apache.kafka.clients.NetworkClient   : [Producer clientId=producer-1] Node -1 disconnected.
2025-05-26T08:55:21.989+03:00  WARN 87132 --- [DDIAProject] [ad | producer-1] org.apache.kafka.clients.NetworkClient   : [Producer clientId=producer-1] Connection to node -1 (localhost/127.0.0.1:9092) could not be established. Node may not be available.
2025-05-26T08:55:21.990+03:00  WARN 87132 --- [DDIAProject] [ad | producer-1] org.apache.kafka.clients.NetworkClient   : [Producer clientId=producer-1] Bootstrap broker localhost:9092 (id: -1 rack: null) disconnected
2025-05-26T08:55:22.894+03:00  INFO 87132 --- [DDIAProject] [ad | producer-1] org.apache.kafka.clients.NetworkClient   : [Producer clientId=producer-1] Node -1 disconnected.
2025-05-26T08:55:22.895+03:00  WARN 87132 --- [DDIAProject] [ad | producer-1] org.apache.kafka.clients.NetworkClient   : [Producer clientId=producer-1] Connection to node -1 (localhost/127.0.0.1:9092) could not be established. Node may not be available.
2025-05-26T08:55:22.895+03:00  WARN 87132 --- [DDIAProject] [ad | producer-1] org.apache.kafka.clients.NetworkClient   : [Producer clientId=producer-1] Bootstrap broker localhost:9092 (id: -1 rack: null) disconnected
2025-05-26T08:55:23.597+03:00  INFO 87132 --- [DDIAProject] [           main] org.apache.kafka.clients.NetworkClient   : [Consumer clientId=consumer-bb007fbf-c45b-4b2f-b892-912db85a707d-1, groupId=bb007fbf-c45b-4b2f-b892-912db85a707d] Disconnecting from node -1 due to socket connection setup timeout. The timeout value is 17512 ms.
2025-05-26T08:55:23.597+03:00  WARN 87132 --- [DDIAProject] [           main] org.apache.kafka.clients.NetworkClient   : [Consumer clientId=consumer-bb007fbf-c45b-4b2f-b892-912db85a707d-1, groupId=bb007fbf-c45b-4b2f-b892-912db85a707d] Bootstrap broker 10.104.239.35:9092 (id: -1 rack: null) disconnected
2025-05-26T08:55:23.944+03:00  INFO 87132 --- [DDIAProject] [ad | producer-1] org.apache.kafka.clients.NetworkClient   : [Producer clientId=producer-1] Node -1 disconnected.
2025-05-26T08:55:23.944+03:00  WARN 87132 --- [DDIAProject] [ad | producer-1] org.apache.kafka.clients.NetworkClient   : [Producer clientId=producer-1] Connection to node -1 (localhost/127.0.0.1:9092) could not be established. Node may not be available.
2025-05-26T08:55:23.944+03:00  WARN 87132 --- [DDIAProject] [ad | producer-1] org.apache.kafka.clients.NetworkClient   : [Producer clientId=producer-1] Bootstrap broker localhost:9092 (id: -1 rack: null) disconnected
2025-05-26T08:55:24.799+03:00  INFO 87132 --- [DDIAProject] [ad | producer-1] org.apache.kafka.clients.NetworkClient   : [Producer clientId=producer-1] Node -1 disconnected.
2025-05-26T08:55:24.799+03:00  WARN 87132 --- [DDIAProject] [ad | producer-1] org.apache.kafka.clients.NetworkClient   : [Producer clientId=producer-1] Connection to node -1 (localhost/127.0.0.1:9092) could not be established. Node may not be available.
2025-05-26T08:55:24.799+03:00  WARN 87132 --- [DDIAProject] [ad | producer-1] org.apache.kafka.clients.NetworkClient   : [Producer clientId=producer-1] Bootstrap broker localhost:9092 (id: -1 rack: null) disconnected
2025-05-26T08:55:25.754+03:00  INFO 87132 --- [DDIAProject] [ad | producer-1] org.apache.kafka.clients.NetworkClient   : [Producer clientId=producer-1] Node -1 disconnected.
2025-05-26T08:55:25.755+03:00  WARN 87132 --- [DDIAProject] [ad | producer-1] org.apache.kafka.clients.NetworkClient   : [Producer clientId=producer-1] Connection to node -1 (localhost/127.0.0.1:9092) could not be established. Node may not be available.
2025-05-26T08:55:25.755+03:00  WARN 87132 --- [DDIAProject] [ad | producer-1] org.apache.kafka.clients.NetworkClient   : [Producer clientId=producer-1] Bootstrap broker localhost:9092 (id: -1 rack: null) disconnected
2025-05-26T08:55:26.693+03:00  INFO 87132 --- [DDIAProject] [ad | producer-1] org.apache.kafka.clients.NetworkClient   : [Producer clientId=producer-1] Node -1 disconnected.
2025-05-26T08:55:26.693+03:00  WARN 87132 --- [DDIAProject] [ad | producer-1] org.apache.kafka.clients.NetworkClient   : [Producer clientId=producer-1] Connection to node -1 (localhost/127.0.0.1:9092) could not be established. Node may not be available.
2025-05-26T08:55:26.693+03:00  WARN 87132 --- [DDIAProject] [ad | producer-1] org.apache.kafka.clients.NetworkClient   : [Producer clientId=producer-1] Bootstrap broker localhost:9092 (id: -1 rack: null) disconnected
2025-05-26T08:55:27.548+03:00  INFO 87132 --- [DDIAProject] [ad | producer-1] org.apache.kafka.clients.NetworkClient   : [Producer clientId=producer-1] Node -1 disconnected.
2025-05-26T08:55:27.548+03:00  WARN 87132 --- [DDIAProject] [ad | producer-1] org.apache.kafka.clients.NetworkClient   : [Producer clientId=producer-1] Connection to node -1 (localhost/127.0.0.1:9092) could not be established. Node may not be available.
2025-05-26T08:55:27.549+03:00  WARN 87132 --- [DDIAProject] [ad | producer-1] org.apache.kafka.clients.NetworkClient   : [Producer clientId=producer-1] Bootstrap broker localhost:9092 (id: -1 rack: null) disconnected
2025-05-26T08:55:28.447+03:00  INFO 87132 --- [DDIAProject] [ad | producer-1] org.apache.kafka.clients.NetworkClient   : [Producer clientId=producer-1] Node -1 disconnected.
2025-05-26T08:55:28.447+03:00  WARN 87132 --- [DDIAProject] [ad | producer-1] org.apache.kafka.clients.NetworkClient   : [Producer clientId=producer-1] Connection to node -1 (localhost/127.0.0.1:9092) could not be established. Node may not be available.
2025-05-26T08:55:28.447+03:00  WARN 87132 --- [DDIAProject] [ad | producer-1] org.apache.kafka.clients.NetworkClient   : [Producer clientId=producer-1] Bootstrap broker localhost:9092 (id: -1 rack: null) disconnected
2025-05-26T08:55:29.351+03:00  INFO 87132 --- [DDIAProject] [ad | producer-1] org.apache.kafka.clients.NetworkClient   : [Producer clientId=producer-1] Node -1 disconnected.
2025-05-26T08:55:29.352+03:00  WARN 87132 --- [DDIAProject] [ad | producer-1] org.apache.kafka.clients.NetworkClient   : [Producer clientId=producer-1] Connection to node -1 (localhost/127.0.0.1:9092) could not be established. Node may not be available.
2025-05-26T08:55:29.352+03:00  WARN 87132 --- [DDIAProject] [ad | producer-1] org.apache.kafka.clients.NetworkClient   : [Producer clientId=producer-1] Bootstrap broker localhost:9092 (id: -1 rack: null) disconnected
2025-05-26T08:55:30.306+03:00  INFO 87132 --- [DDIAProject] [ad | producer-1] org.apache.kafka.clients.NetworkClient   : [Producer clientId=producer-1] Node -1 disconnected.
2025-05-26T08:55:30.307+03:00  WARN 87132 --- [DDIAProject] [ad | producer-1] org.apache.kafka.clients.NetworkClient   : [Producer clientId=producer-1] Connection to node -1 (localhost/127.0.0.1:9092) could not be established. Node may not be available.
2025-05-26T08:55:30.307+03:00  WARN 87132 --- [DDIAProject] [ad | producer-1] org.apache.kafka.clients.NetworkClient   : [Producer clientId=producer-1] Bootstrap broker localhost:9092 (id: -1 rack: null) disconnected
2025-05-26T08:55:31.261+03:00  INFO 87132 --- [DDIAProject] [ad | producer-1] org.apache.kafka.clients.NetworkClient   : [Producer clientId=producer-1] Node -1 disconnected.
2025-05-26T08:55:31.261+03:00  WARN 87132 --- [DDIAProject] [ad | producer-1] org.apache.kafka.clients.NetworkClient   : [Producer clientId=producer-1] Connection to node -1 (localhost/127.0.0.1:9092) could not be established. Node may not be available.
2025-05-26T08:55:31.261+03:00  WARN 87132 --- [DDIAProject] [ad | producer-1] org.apache.kafka.clients.NetworkClient   : [Producer clientId=producer-1] Bootstrap broker localhost:9092 (id: -1 rack: null) disconnected
2025-05-26T08:55:32.266+03:00  INFO 87132 --- [DDIAProject] [ad | producer-1] org.apache.kafka.clients.NetworkClient   : [Producer clientId=producer-1] Node -1 disconnected.
2025-05-26T08:55:32.266+03:00  WARN 87132 --- [DDIAProject] [ad | producer-1] org.apache.kafka.clients.NetworkClient   : [Producer clientId=producer-1] Connection to node -1 (localhost/127.0.0.1:9092) could not be established. Node may not be available.
2025-05-26T08:55:32.266+03:00  WARN 87132 --- [DDIAProject] [ad | producer-1] org.apache.kafka.clients.NetworkClient   : [Producer clientId=producer-1] Bootstrap broker localhost:9092 (id: -1 rack: null) disconnected
2025-05-26T08:55:33.171+03:00  INFO 87132 --- [DDIAProject] [ad | producer-1] org.apache.kafka.clients.NetworkClient   : [Producer clientId=producer-1] Node -1 disconnected.
2025-05-26T08:55:33.171+03:00  WARN 87132 --- [DDIAProject] [ad | producer-1] org.apache.kafka.clients.NetworkClient   : [Producer clientId=producer-1] Connection to node -1 (localhost/127.0.0.1:9092) could not be established. Node may not be available.
2025-05-26T08:55:33.171+03:00  WARN 87132 --- [DDIAProject] [ad | producer-1] org.apache.kafka.clients.NetworkClient   : [Producer clientId=producer-1] Bootstrap broker localhost:9092 (id: -1 rack: null) disconnected
2025-05-26T08:55:34.126+03:00  INFO 87132 --- [DDIAProject] [ad | producer-1] org.apache.kafka.clients.NetworkClient   : [Producer clientId=producer-1] Node -1 disconnected.
2025-05-26T08:55:34.127+03:00  WARN 87132 --- [DDIAProject] [ad | producer-1] org.apache.kafka.clients.NetworkClient   : [Producer clientId=producer-1] Connection to node -1 (localhost/127.0.0.1:9092) could not be established. Node may not be available.
2025-05-26T08:55:34.127+03:00  WARN 87132 --- [DDIAProject] [ad | producer-1] org.apache.kafka.clients.NetworkClient   : [Producer clientId=producer-1] Bootstrap broker localhost:9092 (id: -1 rack: null) disconnected
2025-05-26T08:55:35.131+03:00  INFO 87132 --- [DDIAProject] [ad | producer-1] org.apache.kafka.clients.NetworkClient   : [Producer clientId=producer-1] Node -1 disconnected.
2025-05-26T08:55:35.132+03:00  WARN 87132 --- [DDIAProject] [ad | producer-1] org.apache.kafka.clients.NetworkClient   : [Producer clientId=producer-1] Connection to node -1 (localhost/127.0.0.1:9092) could not be established. Node may not be available.
2025-05-26T08:55:35.132+03:00  WARN 87132 --- [DDIAProject] [ad | producer-1] org.apache.kafka.clients.NetworkClient   : [Producer clientId=producer-1] Bootstrap broker localhost:9092 (id: -1 rack: null) disconnected
2025-05-26T08:55:36.137+03:00  INFO 87132 --- [DDIAProject] [ad | producer-1] org.apache.kafka.clients.NetworkClient   : [Producer clientId=producer-1] Node -1 disconnected.
2025-05-26T08:55:36.137+03:00  WARN 87132 --- [DDIAProject] [ad | producer-1] org.apache.kafka.clients.NetworkClient   : [Producer clientId=producer-1] Connection to node -1 (localhost/127.0.0.1:9092) could not be established. Node may not be available.
2025-05-26T08:55:36.137+03:00  WARN 87132 --- [DDIAProject] [ad | producer-1] org.apache.kafka.clients.NetworkClient   : [Producer clientId=producer-1] Bootstrap broker localhost:9092 (id: -1 rack: null) disconnected
2025-05-26T08:55:37.141+03:00  INFO 87132 --- [DDIAProject] [ad | producer-1] org.apache.kafka.clients.NetworkClient   : [Producer clientId=producer-1] Node -1 disconnected.
2025-05-26T08:55:37.141+03:00  WARN 87132 --- [DDIAProject] [ad | producer-1] org.apache.kafka.clients.NetworkClient   : [Producer clientId=producer-1] Connection to node -1 (localhost/127.0.0.1:9092) could not be established. Node may not be available.
2025-05-26T08:55:37.141+03:00  WARN 87132 --- [DDIAProject] [ad | producer-1] org.apache.kafka.clients.NetworkClient   : [Producer clientId=producer-1] Bootstrap broker localhost:9092 (id: -1 rack: null) disconnected
2025-05-26T08:55:38.142+03:00  INFO 87132 --- [DDIAProject] [ad | producer-1] org.apache.kafka.clients.NetworkClient   : [Producer clientId=producer-1] Node -1 disconnected.
2025-05-26T08:55:38.142+03:00  WARN 87132 --- [DDIAProject] [ad | producer-1] org.apache.kafka.clients.NetworkClient   : [Producer clientId=producer-1] Connection to node -1 (localhost/127.0.0.1:9092) could not be established. Node may not be available.
2025-05-26T08:55:38.142+03:00  WARN 87132 --- [DDIAProject] [ad | producer-1] org.apache.kafka.clients.NetworkClient   : [Producer clientId=producer-1] Bootstrap broker localhost:9092 (id: -1 rack: null) disconnected
2025-05-26T08:55:39.097+03:00  INFO 87132 --- [DDIAProject] [ad | producer-1] org.apache.kafka.clients.NetworkClient   : [Producer clientId=producer-1] Node -1 disconnected.
2025-05-26T08:55:39.097+03:00  WARN 87132 --- [DDIAProject] [ad | producer-1] org.apache.kafka.clients.NetworkClient   : [Producer clientId=producer-1] Connection to node -1 (localhost/127.0.0.1:9092) could not be established. Node may not be available.
2025-05-26T08:55:39.098+03:00  WARN 87132 --- [DDIAProject] [ad | producer-1] org.apache.kafka.clients.NetworkClient   : [Producer clientId=producer-1] Bootstrap broker localhost:9092 (id: -1 rack: null) disconnected
2025-05-26T08:55:39.951+03:00  INFO 87132 --- [DDIAProject] [ad | producer-1] org.apache.kafka.clients.NetworkClient   : [Producer clientId=producer-1] Node -1 disconnected.
2025-05-26T08:55:39.952+03:00  WARN 87132 --- [DDIAProject] [ad | producer-1] org.apache.kafka.clients.NetworkClient   : [Producer clientId=producer-1] Connection to node -1 (localhost/127.0.0.1:9092) could not be established. Node may not be available.
2025-05-26T08:55:39.952+03:00  WARN 87132 --- [DDIAProject] [ad | producer-1] org.apache.kafka.clients.NetworkClient   : [Producer clientId=producer-1] Bootstrap broker localhost:9092 (id: -1 rack: null) disconnected
2025-05-26T08:55:40.952+03:00  INFO 87132 --- [DDIAProject] [ad | producer-1] org.apache.kafka.clients.NetworkClient   : [Producer clientId=producer-1] Node -1 disconnected.
2025-05-26T08:55:40.952+03:00  WARN 87132 --- [DDIAProject] [ad | producer-1] org.apache.kafka.clients.NetworkClient   : [Producer clientId=producer-1] Connection to node -1 (localhost/127.0.0.1:9092) could not be established. Node may not be available.
2025-05-26T08:55:40.952+03:00  WARN 87132 --- [DDIAProject] [ad | producer-1] org.apache.kafka.clients.NetworkClient   : [Producer clientId=producer-1] Bootstrap broker localhost:9092 (id: -1 rack: null) disconnected
2025-05-26T08:55:41.952+03:00  INFO 87132 --- [DDIAProject] [ad | producer-1] org.apache.kafka.clients.NetworkClient   : [Producer clientId=producer-1] Node -1 disconnected.
2025-05-26T08:55:41.953+03:00  WARN 87132 --- [DDIAProject] [ad | producer-1] org.apache.kafka.clients.NetworkClient   : [Producer clientId=producer-1] Connection to node -1 (localhost/127.0.0.1:9092) could not be established. Node may not be available.
2025-05-26T08:55:41.953+03:00  WARN 87132 --- [DDIAProject] [ad | producer-1] org.apache.kafka.clients.NetworkClient   : [Producer clientId=producer-1] Bootstrap broker localhost:9092 (id: -1 rack: null) disconnected
2025-05-26T08:55:42.953+03:00  INFO 87132 --- [DDIAProject] [ad | producer-1] org.apache.kafka.clients.NetworkClient   : [Producer clientId=producer-1] Node -1 disconnected.
2025-05-26T08:55:42.953+03:00  WARN 87132 --- [DDIAProject] [ad | producer-1] org.apache.kafka.clients.NetworkClient   : [Producer clientId=producer-1] Connection to node -1 (localhost/127.0.0.1:9092) could not be established. Node may not be available.
2025-05-26T08:55:42.953+03:00  WARN 87132 --- [DDIAProject] [ad | producer-1] org.apache.kafka.clients.NetworkClient   : [Producer clientId=producer-1] Bootstrap broker localhost:9092 (id: -1 rack: null) disconnected
2025-05-26T08:55:43.980+03:00  INFO 87132 --- [DDIAProject] [ad | producer-1] org.apache.kafka.clients.NetworkClient   : [Producer clientId=producer-1] Node -1 disconnected.
2025-05-26T08:55:43.980+03:00  WARN 87132 --- [DDIAProject] [ad | producer-1] org.apache.kafka.clients.NetworkClient   : [Producer clientId=producer-1] Connection to node -1 (localhost/127.0.0.1:9092) could not be established. Node may not be available.
2025-05-26T08:55:43.980+03:00  WARN 87132 --- [DDIAProject] [ad | producer-1] org.apache.kafka.clients.NetworkClient   : [Producer clientId=producer-1] Bootstrap broker localhost:9092 (id: -1 rack: null) disconnected
2025-05-26T08:55:44.981+03:00  INFO 87132 --- [DDIAProject] [ad | producer-1] org.apache.kafka.clients.NetworkClient   : [Producer clientId=producer-1] Node -1 disconnected.
2025-05-26T08:55:44.982+03:00  WARN 87132 --- [DDIAProject] [ad | producer-1] org.apache.kafka.clients.NetworkClient   : [Producer clientId=producer-1] Connection to node -1 (localhost/127.0.0.1:9092) could not be established. Node may not be available.
2025-05-26T08:55:44.982+03:00  WARN 87132 --- [DDIAProject] [ad | producer-1] org.apache.kafka.clients.NetworkClient   : [Producer clientId=producer-1] Bootstrap broker localhost:9092 (id: -1 rack: null) disconnected
2025-05-26T08:55:45.982+03:00  INFO 87132 --- [DDIAProject] [ad | producer-1] org.apache.kafka.clients.NetworkClient   : [Producer clientId=producer-1] Node -1 disconnected.
2025-05-26T08:55:45.983+03:00  WARN 87132 --- [DDIAProject] [ad | producer-1] org.apache.kafka.clients.NetworkClient   : [Producer clientId=producer-1] Connection to node -1 (localhost/127.0.0.1:9092) could not be established. Node may not be available.
2025-05-26T08:55:45.983+03:00  WARN 87132 --- [DDIAProject] [ad | producer-1] org.apache.kafka.clients.NetworkClient   : [Producer clientId=producer-1] Bootstrap broker localhost:9092 (id: -1 rack: null) disconnected
2025-05-26T08:55:46.837+03:00  INFO 87132 --- [DDIAProject] [ad | producer-1] org.apache.kafka.clients.NetworkClient   : [Producer clientId=producer-1] Node -1 disconnected.
2025-05-26T08:55:46.838+03:00  WARN 87132 --- [DDIAProject] [ad | producer-1] org.apache.kafka.clients.NetworkClient   : [Producer clientId=producer-1] Connection to node -1 (localhost/127.0.0.1:9092) could not be established. Node may not be available.
2025-05-26T08:55:46.838+03:00  WARN 87132 --- [DDIAProject] [ad | producer-1] org.apache.kafka.clients.NetworkClient   : [Producer clientId=producer-1] Bootstrap broker localhost:9092 (id: -1 rack: null) disconnected
2025-05-26T08:55:47.837+03:00  INFO 87132 --- [DDIAProject] [ad | producer-1] org.apache.kafka.clients.NetworkClient   : [Producer clientId=producer-1] Node -1 disconnected.
2025-05-26T08:55:47.837+03:00  WARN 87132 --- [DDIAProject] [ad | producer-1] org.apache.kafka.clients.NetworkClient   : [Producer clientId=producer-1] Connection to node -1 (localhost/127.0.0.1:9092) could not be established. Node may not be available.
2025-05-26T08:55:47.837+03:00  WARN 87132 --- [DDIAProject] [ad | producer-1] org.apache.kafka.clients.NetworkClient   : [Producer clientId=producer-1] Bootstrap broker localhost:9092 (id: -1 rack: null) disconnected
2025-05-26T08:55:48.839+03:00  INFO 87132 --- [DDIAProject] [ad | producer-1] org.apache.kafka.clients.NetworkClient   : [Producer clientId=producer-1] Node -1 disconnected.
2025-05-26T08:55:48.839+03:00  WARN 87132 --- [DDIAProject] [ad | producer-1] org.apache.kafka.clients.NetworkClient   : [Producer clientId=producer-1] Connection to node -1 (localhost/127.0.0.1:9092) could not be established. Node may not be available.
2025-05-26T08:55:48.839+03:00  WARN 87132 --- [DDIAProject] [ad | producer-1] org.apache.kafka.clients.NetworkClient   : [Producer clientId=producer-1] Bootstrap broker localhost:9092 (id: -1 rack: null) disconnected
2025-05-26T08:55:49.694+03:00  INFO 87132 --- [DDIAProject] [ad | producer-1] org.apache.kafka.clients.NetworkClient   : [Producer clientId=producer-1] Node -1 disconnected.
2025-05-26T08:55:49.694+03:00  WARN 87132 --- [DDIAProject] [ad | producer-1] org.apache.kafka.clients.NetworkClient   : [Producer clientId=producer-1] Connection to node -1 (localhost/127.0.0.1:9092) could not be established. Node may not be available.
2025-05-26T08:55:49.694+03:00  WARN 87132 --- [DDIAProject] [ad | producer-1] org.apache.kafka.clients.NetworkClient   : [Producer clientId=producer-1] Bootstrap broker localhost:9092 (id: -1 rack: null) disconnected
2025-05-26T08:55:50.700+03:00  INFO 87132 --- [DDIAProject] [ad | producer-1] org.apache.kafka.clients.NetworkClient   : [Producer clientId=producer-1] Node -1 disconnected.
2025-05-26T08:55:50.700+03:00  WARN 87132 --- [DDIAProject] [ad | producer-1] org.apache.kafka.clients.NetworkClient   : [Producer clientId=producer-1] Connection to node -1 (localhost/127.0.0.1:9092) could not be established. Node may not be available.
2025-05-26T08:55:50.700+03:00  WARN 87132 --- [DDIAProject] [ad | producer-1] org.apache.kafka.clients.NetworkClient   : [Producer clientId=producer-1] Bootstrap broker localhost:9092 (id: -1 rack: null) disconnected
2025-05-26T08:55:51.655+03:00  INFO 87132 --- [DDIAProject] [ad | producer-1] org.apache.kafka.clients.NetworkClient   : [Producer clientId=producer-1] Node -1 disconnected.
2025-05-26T08:55:51.655+03:00  WARN 87132 --- [DDIAProject] [ad | producer-1] org.apache.kafka.clients.NetworkClient   : [Producer clientId=producer-1] Connection to node -1 (localhost/127.0.0.1:9092) could not be established. Node may not be available.
2025-05-26T08:55:51.655+03:00  WARN 87132 --- [DDIAProject] [ad | producer-1] org.apache.kafka.clients.NetworkClient   : [Producer clientId=producer-1] Bootstrap broker localhost:9092 (id: -1 rack: null) disconnected
2025-05-26T08:55:52.656+03:00  INFO 87132 --- [DDIAProject] [ad | producer-1] org.apache.kafka.clients.NetworkClient   : [Producer clientId=producer-1] Node -1 disconnected.
2025-05-26T08:55:52.656+03:00  WARN 87132 --- [DDIAProject] [ad | producer-1] org.apache.kafka.clients.NetworkClient   : [Producer clientId=producer-1] Connection to node -1 (localhost/127.0.0.1:9092) could not be established. Node may not be available.
2025-05-26T08:55:52.656+03:00  WARN 87132 --- [DDIAProject] [ad | producer-1] org.apache.kafka.clients.NetworkClient   : [Producer clientId=producer-1] Bootstrap broker localhost:9092 (id: -1 rack: null) disconnected
2025-05-26T08:55:53.657+03:00  INFO 87132 --- [DDIAProject] [ad | producer-1] org.apache.kafka.clients.NetworkClient   : [Producer clientId=producer-1] Node -1 disconnected.
2025-05-26T08:55:53.657+03:00  WARN 87132 --- [DDIAProject] [ad | producer-1] org.apache.kafka.clients.NetworkClient   : [Producer clientId=producer-1] Connection to node -1 (localhost/127.0.0.1:9092) could not be established. Node may not be available.
2025-05-26T08:55:53.657+03:00  WARN 87132 --- [DDIAProject] [ad | producer-1] org.apache.kafka.clients.NetworkClient   : [Producer clientId=producer-1] Bootstrap broker localhost:9092 (id: -1 rack: null) disconnected
2025-05-26T08:55:53.768+03:00  INFO 87132 --- [DDIAProject] [           main] org.apache.kafka.clients.NetworkClient   : [Consumer clientId=consumer-bb007fbf-c45b-4b2f-b892-912db85a707d-1, groupId=bb007fbf-c45b-4b2f-b892-912db85a707d] Disconnecting from node -1 due to socket connection setup timeout. The timeout value is 30000 ms.
2025-05-26T08:55:53.768+03:00  WARN 87132 --- [DDIAProject] [           main] org.apache.kafka.clients.NetworkClient   : [Consumer clientId=consumer-bb007fbf-c45b-4b2f-b892-912db85a707d-1, groupId=bb007fbf-c45b-4b2f-b892-912db85a707d] Bootstrap broker 10.104.239.35:9092 (id: -1 rack: null) disconnected
2025-05-26T08:55:54.563+03:00  INFO 87132 --- [DDIAProject] [ad | producer-1] org.apache.kafka.clients.NetworkClient   : [Producer clientId=producer-1] Node -1 disconnected.
2025-05-26T08:55:54.563+03:00  WARN 87132 --- [DDIAProject] [ad | producer-1] org.apache.kafka.clients.NetworkClient   : [Producer clientId=producer-1] Connection to node -1 (localhost/127.0.0.1:9092) could not be established. Node may not be available.
2025-05-26T08:55:54.563+03:00  WARN 87132 --- [DDIAProject] [ad | producer-1] org.apache.kafka.clients.NetworkClient   : [Producer clientId=producer-1] Bootstrap broker localhost:9092 (id: -1 rack: null) disconnected
2025-05-26T08:55:55.518+03:00  INFO 87132 --- [DDIAProject] [ad | producer-1] org.apache.kafka.clients.NetworkClient   : [Producer clientId=producer-1] Node -1 disconnected.
2025-05-26T08:55:55.518+03:00  WARN 87132 --- [DDIAProject] [ad | producer-1] org.apache.kafka.clients.NetworkClient   : [Producer clientId=producer-1] Connection to node -1 (localhost/127.0.0.1:9092) could not be established. Node may not be available.
2025-05-26T08:55:55.519+03:00  WARN 87132 --- [DDIAProject] [ad | producer-1] org.apache.kafka.clients.NetworkClient   : [Producer clientId=producer-1] Bootstrap broker localhost:9092 (id: -1 rack: null) disconnected
2025-05-26T08:55:56.374+03:00  INFO 87132 --- [DDIAProject] [ad | producer-1] org.apache.kafka.clients.NetworkClient   : [Producer clientId=producer-1] Node -1 disconnected.
2025-05-26T08:55:56.374+03:00  WARN 87132 --- [DDIAProject] [ad | producer-1] org.apache.kafka.clients.NetworkClient   : [Producer clientId=producer-1] Connection to node -1 (localhost/127.0.0.1:9092) could not be established. Node may not be available.
2025-05-26T08:55:56.374+03:00  WARN 87132 --- [DDIAProject] [ad | producer-1] org.apache.kafka.clients.NetworkClient   : [Producer clientId=producer-1] Bootstrap broker localhost:9092 (id: -1 rack: null) disconnected
2025-05-26T08:55:57.381+03:00  INFO 87132 --- [DDIAProject] [ad | producer-1] org.apache.kafka.clients.NetworkClient   : [Producer clientId=producer-1] Node -1 disconnected.
2025-05-26T08:55:57.381+03:00  WARN 87132 --- [DDIAProject] [ad | producer-1] org.apache.kafka.clients.NetworkClient   : [Producer clientId=producer-1] Connection to node -1 (localhost/127.0.0.1:9092) could not be established. Node may not be available.
2025-05-26T08:55:57.381+03:00  WARN 87132 --- [DDIAProject] [ad | producer-1] org.apache.kafka.clients.NetworkClient   : [Producer clientId=producer-1] Bootstrap broker localhost:9092 (id: -1 rack: null) disconnected
Stopping after running for 1 minute.
]]></system-out>
    <system-err><![CDATA[May 26, 2025 8:54:52 AM org.junit.platform.launcher.core.LauncherConfigurationParameters loadClasspathResource
WARNING: Discovered 3 'junit-platform.properties' configuration files on the classpath (see below); only the first (*) will be used.
- jar:file:/home/meudm/.m2/repository/org/apache/kafka/kafka-clients/3.8.1/kafka-clients-3.8.1-test.jar!/junit-platform.properties (*)
- jar:file:/home/meudm/.m2/repository/org/apache/kafka/kafka-server-common/3.8.1/kafka-server-common-3.8.1-test.jar!/junit-platform.properties
- jar:file:/home/meudm/.m2/repository/org/apache/kafka/kafka_2.13/3.8.1/kafka_2.13-3.8.1-test.jar!/junit-platform.properties
May 26, 2025 8:54:52 AM org.junit.platform.launcher.core.LauncherConfigurationParameters loadClasspathResource
WARNING: Discovered 3 'junit-platform.properties' configuration files on the classpath (see below); only the first (*) will be used.
- jar:file:/home/meudm/.m2/repository/org/apache/kafka/kafka-clients/3.8.1/kafka-clients-3.8.1-test.jar!/junit-platform.properties (*)
- jar:file:/home/meudm/.m2/repository/org/apache/kafka/kafka-server-common/3.8.1/kafka-server-common-3.8.1-test.jar!/junit-platform.properties
- jar:file:/home/meudm/.m2/repository/org/apache/kafka/kafka_2.13/3.8.1/kafka_2.13-3.8.1-test.jar!/junit-platform.properties
May 26, 2025 8:54:53 AM org.junit.platform.launcher.core.LauncherConfigurationParameters loadClasspathResource
WARNING: Discovered 3 'junit-platform.properties' configuration files on the classpath (see below); only the first (*) will be used.
- jar:file:/home/meudm/.m2/repository/org/apache/kafka/kafka-clients/3.8.1/kafka-clients-3.8.1-test.jar!/junit-platform.properties (*)
- jar:file:/home/meudm/.m2/repository/org/apache/kafka/kafka-server-common/3.8.1/kafka-server-common-3.8.1-test.jar!/junit-platform.properties
- jar:file:/home/meudm/.m2/repository/org/apache/kafka/kafka_2.13/3.8.1/kafka_2.13-3.8.1-test.jar!/junit-platform.properties
Mockito is currently self-attaching to enable the inline-mock-maker. This will no longer work in future releases of the JDK. Please add Mockito as an agent to your build what is described in Mockito's documentation: https://javadoc.io/doc/org.mockito/mockito-core/latest/org/mockito/Mockito.html#0.3
WARNING: A Java agent has been loaded dynamically (/home/meudm/.m2/repository/net/bytebuddy/byte-buddy-agent/1.15.11/byte-buddy-agent-1.15.11.jar)
WARNING: If a serviceability tool is in use, please run with -XX:+EnableDynamicAgentLoading to hide this warning
WARNING: If a serviceability tool is not in use, please run with -Djdk.instrument.traceUsage for more information
WARNING: Dynamic loading of agents will be disallowed by default in a future release
]]></system-err>
  </testcase>
</testsuite>